This is pdfTeXk, Version 3.141592-1.40.3 (Web2C 7.5.6) (format=latex 2008.5.5)  10 OCT 2008 14:46
entering extended mode
 %&-line parsing enabled.
**\makeatletter\def\HCode{\futurelet\HCode\HChar}\def\HChar{\ifx"\HCode\def\HCo
de"##1"{\Link##1}\expandafter\HCode\else\expandafter\Link\fi}\def\Link#1.a.b.c.
{\g@addto@macro\@documentclasshook{\RequirePackage[#1,html]{tex4ht}}\let\HCode\
documentstyle\def\documentstyle{\let\documentstyle\HCode\expandafter\def\csname
 tex4ht\endcsname{#1,html}\def\HCode####1{\documentstyle[tex4ht,}\@ifnextchar[{
\HCode}{\documentstyle[tex4ht]}}}\makeatother\HCode xhtml,ooffice.a.b.c.\input 
 Microcosm.tex
(./Microcosm.tex (/usr/share/texmf-texlive/tex/latex/base/article.cls
Document Class: article 2005/09/16 v1.4f Standard LaTeX document class
(/usr/share/texmf-texlive/tex/latex/base/size12.clo
File: size12.clo 2005/09/16 v1.4f Standard LaTeX file (size option)
)
\c@part=\count79
\c@section=\count80
\c@subsection=\count81
\c@subsubsection=\count82
\c@paragraph=\count83
\c@subparagraph=\count84
\c@figure=\count85
\c@table=\count86
\abovecaptionskip=\skip41
\belowcaptionskip=\skip42
\bibindent=\dimen102
)
(/usr/share/texmf/tex/generic/tex4ht/tex4ht.sty
version 2008-02-25-14:04
Package: tex4ht 
--------------------------------------
--- Note --- for _ at preamble, use the command line option `early_'
--------------------------------------
--------------------------------------
--- Note --- for ^ at preamble, use the command line option `early^'
--------------------------------------
)
(/usr/share/texmf/tex/generic/tex4ht/usepackage.4ht
version 2008-02-28-20:51
)
(/usr/share/texmf-texlive/tex/latex/base/fontenc.sty
Package: fontenc 2005/09/27 v1.99g Standard LaTeX package

(/usr/share/texmf-texlive/tex/latex/base/t1enc.def
File: t1enc.def 2005/09/27 v1.99g Standard LaTeX file
LaTeX Font Info:    Redeclaring font encoding T1 on input line 43.
))
(/usr/share/texmf-texlive/tex/latex/base/inputenc.sty
Package: inputenc 2006/05/05 v1.1b Input encoding file
\inpenc@prehook=\toks14
\inpenc@posthook=\toks15

(/usr/share/texmf/tex/latex/html/latin9.def
File: latin1.def 1998/03/05 v0.97 Input encoding file(test version: still liabl
e to change)
))
(/usr/share/texmf-texlive/tex/latex/geometry/geometry.sty
Package: geometry 2002/07/08 v3.2 Page Geometry

(/usr/share/texmf-texlive/tex/latex/graphics/keyval.sty
Package: keyval 1999/03/16 v1.13 key=value parser (DPC)
\KV@toks@=\toks16
)
\Gm@cnth=\count87
\Gm@cntv=\count88
\c@Gm@tempcnt=\count89
\Gm@bindingoffset=\dimen103
\Gm@wd@mp=\dimen104
\Gm@odd@mp=\dimen105
\Gm@even@mp=\dimen106
\Gm@dimlist=\toks17
)
(/usr/share/texmf-texlive/tex/latex/booktabs/booktabs.sty
Package: booktabs 2005/03/16 v1.6180 publication quality tables
\heavyrulewidth=\dimen107
\lightrulewidth=\dimen108
\cmidrulewidth=\dimen109
\belowrulesep=\dimen110
\belowbottomsep=\dimen111
\aboverulesep=\dimen112
\abovetopsep=\dimen113
\cmidrulesep=\dimen114
\cmidrulekern=\dimen115
\defaultaddspace=\dimen116
\@cmidla=\count90
\@cmidlb=\count91
\@aboverulesep=\dimen117
\@belowrulesep=\dimen118
\@thisruleclass=\count92
\@lastruleclass=\count93
\@thisrulewidth=\dimen119
)
(/usr/share/texmf-texlive/tex/latex/base/textcomp.sty
Package: textcomp 2005/09/27 v1.99g Standard LaTeX package
Package textcomp Info: Sub-encoding information:
(textcomp)               5 = only ISO-Adobe without \textcurrency
(textcomp)               4 = 5 + \texteuro
(textcomp)               3 = 4 + \textohm
(textcomp)               2 = 3 + \textestimated + \textcurrency
(textcomp)               1 = TS1 - \textcircled - \t
(textcomp)               0 = TS1 (full)
(textcomp)             Font families with sub-encoding setting implement
(textcomp)             only a restricted character set as indicated.
(textcomp)             Family '?' is the default used for unknown fonts.
(textcomp)             See the documentation for details.
Package textcomp Info: Setting ? sub-encoding to TS1/1 on input line 71.

(/usr/share/texmf-texlive/tex/latex/base/ts1enc.def
File: ts1enc.def 2001/06/05 v3.0e (jk/car/fm) Standard LaTeX file
)
LaTeX Info: Redefining \oldstylenums on input line 266.
Package textcomp Info: Setting cmr sub-encoding to TS1/0 on input line 281.
Package textcomp Info: Setting cmss sub-encoding to TS1/0 on input line 282.
Package textcomp Info: Setting cmtt sub-encoding to TS1/0 on input line 283.
Package textcomp Info: Setting cmvtt sub-encoding to TS1/0 on input line 284.
Package textcomp Info: Setting cmbr sub-encoding to TS1/0 on input line 285.
Package textcomp Info: Setting cmtl sub-encoding to TS1/0 on input line 286.
Package textcomp Info: Setting ccr sub-encoding to TS1/0 on input line 287.
Package textcomp Info: Setting ptm sub-encoding to TS1/4 on input line 288.
Package textcomp Info: Setting pcr sub-encoding to TS1/4 on input line 289.
Package textcomp Info: Setting phv sub-encoding to TS1/4 on input line 290.
Package textcomp Info: Setting ppl sub-encoding to TS1/3 on input line 291.
Package textcomp Info: Setting pag sub-encoding to TS1/4 on input line 292.
Package textcomp Info: Setting pbk sub-encoding to TS1/4 on input line 293.
Package textcomp Info: Setting pnc sub-encoding to TS1/4 on input line 294.
Package textcomp Info: Setting pzc sub-encoding to TS1/4 on input line 295.
Package textcomp Info: Setting bch sub-encoding to TS1/4 on input line 296.
Package textcomp Info: Setting put sub-encoding to TS1/5 on input line 297.
Package textcomp Info: Setting uag sub-encoding to TS1/5 on input line 298.
Package textcomp Info: Setting ugq sub-encoding to TS1/5 on input line 299.
Package textcomp Info: Setting ul8 sub-encoding to TS1/4 on input line 300.
Package textcomp Info: Setting ul9 sub-encoding to TS1/4 on input line 301.
Package textcomp Info: Setting augie sub-encoding to TS1/5 on input line 302.
Package textcomp Info: Setting dayrom sub-encoding to TS1/3 on input line 303.
Package textcomp Info: Setting dayroms sub-encoding to TS1/3 on input line 304.

Package textcomp Info: Setting pxr sub-encoding to TS1/0 on input line 305.
Package textcomp Info: Setting pxss sub-encoding to TS1/0 on input line 306.
Package textcomp Info: Setting pxtt sub-encoding to TS1/0 on input line 307.
Package textcomp Info: Setting txr sub-encoding to TS1/0 on input line 308.
Package textcomp Info: Setting txss sub-encoding to TS1/0 on input line 309.
Package textcomp Info: Setting txtt sub-encoding to TS1/0 on input line 310.
Package textcomp Info: Setting futs sub-encoding to TS1/4 on input line 311.
Package textcomp Info: Setting futx sub-encoding to TS1/4 on input line 312.
Package textcomp Info: Setting futj sub-encoding to TS1/4 on input line 313.
Package textcomp Info: Setting hlh sub-encoding to TS1/3 on input line 314.
Package textcomp Info: Setting hls sub-encoding to TS1/3 on input line 315.
Package textcomp Info: Setting hlst sub-encoding to TS1/3 on input line 316.
Package textcomp Info: Setting hlct sub-encoding to TS1/5 on input line 317.
Package textcomp Info: Setting hlx sub-encoding to TS1/5 on input line 318.
Package textcomp Info: Setting hlce sub-encoding to TS1/5 on input line 319.
Package textcomp Info: Setting hlcn sub-encoding to TS1/5 on input line 320.
Package textcomp Info: Setting hlcw sub-encoding to TS1/5 on input line 321.
Package textcomp Info: Setting hlcf sub-encoding to TS1/5 on input line 322.
Package textcomp Info: Setting pplx sub-encoding to TS1/3 on input line 323.
Package textcomp Info: Setting pplj sub-encoding to TS1/3 on input line 324.
Package textcomp Info: Setting ptmx sub-encoding to TS1/4 on input line 325.
Package textcomp Info: Setting ptmj sub-encoding to TS1/4 on input line 326.
)
(/usr/share/texmf-texlive/tex/latex/amsmath/amsmath.sty
Package: amsmath 2000/07/18 v2.13 AMS math features
\@mathmargin=\skip43

For additional information on amsmath, use the `?' option.
(/usr/share/texmf-texlive/tex/latex/amsmath/amstext.sty
Package: amstext 2000/06/29 v2.01

(/usr/share/texmf-texlive/tex/latex/amsmath/amsgen.sty
File: amsgen.sty 1999/11/30 v2.0
\@emptytoks=\toks18
\ex@=\dimen120
))
(/usr/share/texmf-texlive/tex/latex/amsmath/amsbsy.sty
Package: amsbsy 1999/11/29 v1.2d
\pmbraise@=\dimen121
)
(/usr/share/texmf-texlive/tex/latex/amsmath/amsopn.sty
Package: amsopn 1999/12/14 v2.01 operator names
)
\inf@bad=\count94
LaTeX Info: Redefining \frac on input line 211.
\uproot@=\count95
\leftroot@=\count96
LaTeX Info: Redefining \overline on input line 307.
\classnum@=\count97
\DOTSCASE@=\count98
LaTeX Info: Redefining \ldots on input line 379.
LaTeX Info: Redefining \dots on input line 382.
LaTeX Info: Redefining \cdots on input line 467.
\Mathstrutbox@=\box26
\strutbox@=\box27
\big@size=\dimen122
LaTeX Font Info:    Redeclaring font encoding OML on input line 567.
LaTeX Font Info:    Redeclaring font encoding OMS on input line 568.
\macc@depth=\count99
\c@MaxMatrixCols=\count100
\dotsspace@=\muskip10
\c@parentequation=\count101
\dspbrk@lvl=\count102
\tag@help=\toks19
\row@=\count103
\column@=\count104
\maxfields@=\count105
\andhelp@=\toks20
\eqnshift@=\dimen123
\alignsep@=\dimen124
\tagshift@=\dimen125
\tagwidth@=\dimen126
\totwidth@=\dimen127
\lineht@=\dimen128
\@envbody=\toks21
\multlinegap=\skip44
\multlinetaggap=\skip45
\mathdisplay@stack=\toks22
LaTeX Info: Redefining \[ on input line 2666.
LaTeX Info: Redefining \] on input line 2667.
)
(/usr/share/texmf-texlive/tex/latex/graphics/graphicx.sty
Package: graphicx 1999/02/16 v1.0f Enhanced LaTeX Graphics (DPC,SPQR)

(/usr/share/texmf-texlive/tex/latex/graphics/graphics.sty
Package: graphics 2006/02/20 v1.0o Standard LaTeX Graphics (DPC,SPQR)

(/usr/share/texmf-texlive/tex/latex/graphics/trig.sty
Package: trig 1999/03/16 v1.09 sin cos tan (DPC)
)
(/etc/texmf/tex/latex/config/graphics.cfg
File: graphics.cfg 2007/01/18 v1.5 graphics configuration of teTeX/TeXLive
)
Package graphics Info: Driver file: dvips.def on input line 90.

(/usr/share/texmf-texlive/tex/latex/graphics/dvips.def
File: dvips.def 1999/02/16 v3.0i Driver-dependant file (DPC,SPQR)
))
\Gin@req@height=\dimen129
\Gin@req@width=\dimen130
)
(/usr/share/texmf-texlive/tex/latex/natbib/natbib.sty
Package: natbib 2007/02/05 8.0 (PWD)
\bibhang=\skip46
\bibsep=\skip47
LaTeX Info: Redefining \cite on input line 602.
\c@NAT@ctr=\count106
)
(/usr/share/texmf-texlive/tex/latex/setspace/setspace.sty
Package: setspace 2000/12/01 6.7 Contributed and Supported LaTeX2e package

Package: `setspace' 6.7 <2000/12/01>
) (/usr/share/texmf-texlive/tex/latex/amsfonts/amsfonts.sty
Package: amsfonts 2001/10/25 v2.2f
\symAMSa=\mathgroup4
\symAMSb=\mathgroup5
LaTeX Font Info:    Overwriting math alphabet `\mathfrak' in version `bold'
(Font)                  U/euf/m/n --> U/euf/b/n on input line 132.
)
(/usr/share/texmf-texlive/tex/generic/babel/babel.sty
Package: babel 2005/11/23 v3.8h The Babel package

(/usr/share/texmf-texlive/tex/generic/babel/english.ldf
Language: english 2005/03/30 v3.3o English support from the babel system

(/usr/share/texmf-texlive/tex/generic/babel/babel.def
File: babel.def 2005/11/23 v3.8h Babel common definitions
\babel@savecnt=\count107
\U@D=\dimen131
)
\l@british = a dialect from \language\l@english 
\l@UKenglish = a dialect from \language\l@english 
\l@canadian = a dialect from \language\l@american 
\l@australian = a dialect from \language\l@british 
\l@newzealand = a dialect from \language\l@british 
))
(/usr/share/texmf/tex/generic/tex4ht/tex4ht.4ht
version 2006-02-22-12:25
--------------------------------------
--- Note --- for additional information, use the command line option `info'
--------------------------------------

::::::::::::::::::::::::::::::::::::::::::
 TeX4ht info is available in the log file 
::::::::::::::::::::::::::::::::::::::::::
) (/usr/share/texmf/tex/generic/tex4ht/tex4ht.sty
version 2008-02-25-14:04

--- needs --- tex4ht Microcosm ---
\tmp:cnt=\count108
\openout15 = `Microcosm.tmp'.

(./Microcosm.tmp)
\tmp:toks=\toks23
\tmp:dim=\skip48
 (./Microcosm.xref)
\:refout=\write3
\openout3 = `Microcosm.xref'.


(/usr/share/texmf/tex/generic/tex4ht/ooffice.4ht
version 2008-02-20-21:45
--------------------------------------
--- Note --- For OpenOffice 1.0 format use the command line option 'sxw'
--------------------------------------
)
(/usr/share/texmf/tex/generic/tex4ht/unicode.4ht
version 2007-12-19-19:13
)
(/usr/share/texmf/tex/generic/tex4ht/mathml.4ht
version 2007-12-02-18:44
)
(/usr/share/texmf/tex/generic/tex4ht/ooffice-mml.4ht
version 2008-02-20-21:45
)
--------------------------------------
--- Note --- for marking of the base font, use the command line option `fonts+'

--------------------------------------
--------------------------------------
--- Note --- for non active _, use the command line option `no_'
--------------------------------------
--------------------------------------
--- Note --- for _ of catcode 13, use the command line option `_13'
--------------------------------------
--------------------------------------
--- Note --- for non active ^, use the command line option `no^'
--------------------------------------
--------------------------------------
--- Note --- for ^ of catcode 13, use the command line option `^13'
--------------------------------------

(/usr/share/texmf/tex/generic/tex4ht/ooffice.4ht
version 2008-02-20-21:45
--------------------------------------
--- Note --- for end notes instead of footnotes, use the command line option `e
ndnotes'
--------------------------------------
--------------------------------------
--- Note --- to request links from the tables of contents, use the command line
 option from `TocLink'
--------------------------------------
)
(/usr/share/texmf/tex/generic/tex4ht/unicode.4ht
version 2007-12-19-19:13
)
(/usr/share/texmf/tex/generic/tex4ht/mathml.4ht
version 2007-12-02-18:44
)
(/usr/share/texmf/tex/generic/tex4ht/ooffice-mml.4ht
version 2008-02-20-21:45
)
\:tokwrite=\toks24
\:tokpage=\toks25
--------------------------------------
--- Note --- for back links to toc, use the command line option `sections+'
--------------------------------------
--------------------------------------
--- Note --- for linear crosslinks of pages, use the command line option `next'

--------------------------------------
\openout15 = `Microcosm.4ct'.

\:tocout=\write4
\openout4 = `Microcosm.4tc'.


(/usr/share/texmf/tex/generic/tex4ht/ooffice.4ht
version 2008-02-20-21:45
)
(/usr/share/texmf/tex/generic/tex4ht/unicode.4ht
version 2007-12-19-19:13
)
(/usr/share/texmf/tex/generic/tex4ht/mathml.4ht
version 2007-12-02-18:44
)
(/usr/share/texmf/tex/generic/tex4ht/ooffice-mml.4ht
version 2008-02-20-21:45
)
(/usr/share/texmf/tex/generic/tex4ht/latex.4ht
version 2008-02-28-20:51

(/usr/share/texmf/tex/generic/tex4ht/ooffice.4ht
version 2008-02-20-21:45
\tmp:bx=\box28
)
(/usr/share/texmf/tex/generic/tex4ht/unicode.4ht
version 2007-12-19-19:13
)
(/usr/share/texmf/tex/generic/tex4ht/mathml.4ht
version 2007-12-02-18:44
)
(/usr/share/texmf/tex/generic/tex4ht/ooffice-mml.4ht
version 2008-02-20-21:45
))
(/usr/share/texmf/tex/generic/tex4ht/fontmath.4ht
version 2008-02-28-20:51

(/usr/share/texmf/tex/generic/tex4ht/ooffice.4ht
version 2008-02-20-21:45
)
(/usr/share/texmf/tex/generic/tex4ht/unicode.4ht
version 2007-12-19-19:13
)
(/usr/share/texmf/tex/generic/tex4ht/mathml.4ht
version 2007-12-02-18:44
 [1

]
LaTeX Font Info:    Try loading font information for U+msa on input line 1295.

(/usr/share/texmf-texlive/tex/latex/amsfonts/umsa.fd
File: umsa.fd 2002/01/19 v2.2g AMS font definitions
)
LaTeX Font Info:    Try loading font information for U+msb on input line 1295.

(/usr/share/texmf-texlive/tex/latex/amsfonts/umsb.fd
File: umsb.fd 2002/01/19 v2.2g AMS font definitions
) [2] [3] [4] [5] [6]
[7] [8] [9] [10] [11] [12] [13] [14] [15] [16] [17] [18] [19] [20] [21]
[22] [23] [24] [25] [26] [27] [28] [29] [30] [31] [32] [33] [34] [35] [36]
[37] [38] [39] [40] [41] [42] [43] [44] [45] [46] [47] [48]
--------------------------------------
--- Note --- for sources failing to produce clean mathml code, try the command 
line option `mathml-'
--------------------------------------
 [49] [50] [51]
[52]) (/usr/share/texmf/tex/generic/tex4ht/ooffice-mml.4ht
version 2008-02-20-21:45
))
(/usr/share/texmf/tex/generic/tex4ht/article.4ht
version 2008-02-28-20:51

(/usr/share/texmf/tex/generic/tex4ht/ooffice.4ht
version 2008-02-20-21:45
)
(/usr/share/texmf/tex/generic/tex4ht/unicode.4ht
version 2007-12-19-19:13
)
(/usr/share/texmf/tex/generic/tex4ht/mathml.4ht
version 2007-12-02-18:44
)
(/usr/share/texmf/tex/generic/tex4ht/ooffice-mml.4ht
version 2008-02-20-21:45
))
(/usr/share/texmf/tex/generic/tex4ht/inputenc.4ht
version 2008-02-28-20:51

(/usr/share/texmf/tex/generic/tex4ht/ooffice.4ht
version 2008-02-20-21:45
)
(/usr/share/texmf/tex/generic/tex4ht/unicode.4ht
version 2007-12-19-19:13
)
(/usr/share/texmf/tex/generic/tex4ht/mathml.4ht
version 2007-12-02-18:44
)
(/usr/share/texmf/tex/generic/tex4ht/ooffice-mml.4ht
version 2008-02-20-21:45
))
(/usr/share/texmf/tex/generic/tex4ht/latin1.4ht
version 2008-02-28-20:51

(/usr/share/texmf/tex/generic/tex4ht/ooffice.4ht
version 2008-02-20-21:45
)
(/usr/share/texmf/tex/generic/tex4ht/unicode.4ht
version 2007-12-19-19:13
)
(/usr/share/texmf/tex/generic/tex4ht/mathml.4ht
version 2007-12-02-18:44
)
(/usr/share/texmf/tex/generic/tex4ht/ooffice-mml.4ht
version 2008-02-20-21:45
))
(/usr/share/texmf/tex/generic/tex4ht/booktabs.4ht
version 2008-02-28-20:51

(/usr/share/texmf/tex/generic/tex4ht/ooffice.4ht
version 2008-02-20-21:45
)
(/usr/share/texmf/tex/generic/tex4ht/unicode.4ht
version 2007-12-19-19:13
)
(/usr/share/texmf/tex/generic/tex4ht/mathml.4ht
version 2007-12-02-18:44
)
(/usr/share/texmf/tex/generic/tex4ht/ooffice-mml.4ht
version 2008-02-20-21:45
))
(/usr/share/texmf/tex/generic/tex4ht/amsmath.4ht
version 2008-02-28-20:51
\tmp:muskip=\muskip11

(/usr/share/texmf/tex/generic/tex4ht/ooffice.4ht
version 2008-02-20-21:45
)
(/usr/share/texmf/tex/generic/tex4ht/unicode.4ht
version 2007-12-19-19:13
)
(/usr/share/texmf/tex/generic/tex4ht/mathml.4ht
version 2007-12-02-18:44
)
(/usr/share/texmf/tex/generic/tex4ht/ooffice-mml.4ht
version 2008-02-20-21:45
))
(/usr/share/texmf/tex/generic/tex4ht/amstext.4ht
version 2008-02-28-20:51

(/usr/share/texmf/tex/generic/tex4ht/ooffice.4ht
version 2008-02-20-21:45
)
(/usr/share/texmf/tex/generic/tex4ht/unicode.4ht
version 2007-12-19-19:13
)
(/usr/share/texmf/tex/generic/tex4ht/mathml.4ht
version 2007-12-02-18:44
)
(/usr/share/texmf/tex/generic/tex4ht/ooffice-mml.4ht
version 2008-02-20-21:45
))
(/usr/share/texmf/tex/generic/tex4ht/amsbsy.4ht
version 2008-02-28-20:51

(/usr/share/texmf/tex/generic/tex4ht/ooffice.4ht
version 2008-02-20-21:45
)
(/usr/share/texmf/tex/generic/tex4ht/unicode.4ht
version 2007-12-19-19:13
)
(/usr/share/texmf/tex/generic/tex4ht/mathml.4ht
version 2007-12-02-18:44
)
(/usr/share/texmf/tex/generic/tex4ht/ooffice-mml.4ht
version 2008-02-20-21:45
))
(/usr/share/texmf/tex/generic/tex4ht/amsopn.4ht
version 2008-02-28-20:51

(/usr/share/texmf/tex/generic/tex4ht/ooffice.4ht
version 2008-02-20-21:45
)
(/usr/share/texmf/tex/generic/tex4ht/unicode.4ht
version 2007-12-19-19:13
)
(/usr/share/texmf/tex/generic/tex4ht/mathml.4ht
version 2007-12-02-18:44
)
(/usr/share/texmf/tex/generic/tex4ht/ooffice-mml.4ht
version 2008-02-20-21:45
))
(/usr/share/texmf/tex/generic/tex4ht/graphicx.4ht
version 2008-02-28-20:51

(/usr/share/texmf/tex/generic/tex4ht/ooffice.4ht
version 2008-02-20-21:45
)
(/usr/share/texmf/tex/generic/tex4ht/unicode.4ht
version 2007-12-19-19:13
)
(/usr/share/texmf/tex/generic/tex4ht/mathml.4ht
version 2007-12-02-18:44
)
(/usr/share/texmf/tex/generic/tex4ht/ooffice-mml.4ht
version 2008-02-20-21:45
))
(/usr/share/texmf/tex/generic/tex4ht/graphics.4ht
version 2008-02-28-20:51

(/usr/share/texmf/tex/generic/tex4ht/ooffice.4ht
version 2008-02-20-21:45
)
(/usr/share/texmf/tex/generic/tex4ht/unicode.4ht
version 2007-12-19-19:13
)
(/usr/share/texmf/tex/generic/tex4ht/mathml.4ht
version 2007-12-02-18:44
)
(/usr/share/texmf/tex/generic/tex4ht/ooffice-mml.4ht
version 2008-02-20-21:45
))
(/usr/share/texmf/tex/generic/tex4ht/dvips.4ht
version 2008-02-28-20:51

(/usr/share/texmf/tex/generic/tex4ht/ooffice.4ht
version 2008-02-20-21:45
)
(/usr/share/texmf/tex/generic/tex4ht/unicode.4ht
version 2007-12-19-19:13
)
(/usr/share/texmf/tex/generic/tex4ht/mathml.4ht
version 2007-12-02-18:44
)
(/usr/share/texmf/tex/generic/tex4ht/ooffice-mml.4ht
version 2008-02-20-21:45
))
(/usr/share/texmf/tex/generic/tex4ht/natbib.4ht
version 2008-02-28-20:51

(/usr/share/texmf/tex/generic/tex4ht/ooffice.4ht
version 2008-02-20-21:45
)
(/usr/share/texmf/tex/generic/tex4ht/unicode.4ht
version 2007-12-19-19:13
)
(/usr/share/texmf/tex/generic/tex4ht/mathml.4ht
version 2007-12-02-18:44
)
(/usr/share/texmf/tex/generic/tex4ht/ooffice-mml.4ht
version 2008-02-20-21:45
))
(/usr/share/texmf/tex/generic/tex4ht/amsfonts.4ht
version 2008-02-28-20:51

(/usr/share/texmf/tex/generic/tex4ht/ooffice.4ht
version 2008-02-20-21:45
)
(/usr/share/texmf/tex/generic/tex4ht/unicode.4ht
version 2007-12-19-19:13
)
(/usr/share/texmf/tex/generic/tex4ht/mathml.4ht
version 2007-12-02-18:44
)
(/usr/share/texmf/tex/generic/tex4ht/ooffice-mml.4ht
version 2008-02-20-21:45
))
(/usr/share/texmf/tex/generic/tex4ht/babel.4ht
version 2008-02-28-20:51

(/usr/share/texmf/tex/generic/tex4ht/ooffice.4ht
version 2008-02-20-21:45
)
(/usr/share/texmf/tex/generic/tex4ht/unicode.4ht
version 2007-12-19-19:13
)
(/usr/share/texmf/tex/generic/tex4ht/mathml.4ht
version 2007-12-02-18:44
)
(/usr/share/texmf/tex/generic/tex4ht/ooffice-mml.4ht
version 2008-02-20-21:45
))
(/usr/share/texmf/tex/generic/tex4ht/english.4ht
version 2008-02-28-20:51

(/usr/share/texmf/tex/generic/tex4ht/ooffice.4ht
version 2008-02-20-21:45
)
(/usr/share/texmf/tex/generic/tex4ht/unicode.4ht
version 2007-12-19-19:13
)
(/usr/share/texmf/tex/generic/tex4ht/mathml.4ht
version 2007-12-02-18:44
)
(/usr/share/texmf/tex/generic/tex4ht/ooffice-mml.4ht
version 2008-02-20-21:45
))
(/usr/share/texmf/tex/generic/tex4ht/ooffice.4ht
version 2008-02-20-21:45
)
(/usr/share/texmf/tex/generic/tex4ht/unicode.4ht
version 2007-12-19-19:13
)
(/usr/share/texmf/tex/generic/tex4ht/mathml.4ht
version 2007-12-02-18:44
)
(/usr/share/texmf/tex/generic/tex4ht/ooffice-mml.4ht
version 2008-02-20-21:45
)) (./Microcosm.aux)
\openout1 = `Microcosm.aux'.

LaTeX Font Info:    Checking defaults for OML/cmm/m/it on input line 68.
LaTeX Font Info:    ... okay on input line 68.
LaTeX Font Info:    Checking defaults for T1/cmr/m/n on input line 68.
LaTeX Font Info:    ... okay on input line 68.
LaTeX Font Info:    Checking defaults for OT1/cmr/m/n on input line 68.
LaTeX Font Info:    ... okay on input line 68.
LaTeX Font Info:    Checking defaults for OMS/cmsy/m/n on input line 68.
LaTeX Font Info:    ... okay on input line 68.
LaTeX Font Info:    Checking defaults for OMX/cmex/m/n on input line 68.
LaTeX Font Info:    ... okay on input line 68.
LaTeX Font Info:    Checking defaults for U/cmr/m/n on input line 68.
LaTeX Font Info:    ... okay on input line 68.
LaTeX Font Info:    Checking defaults for TS1/cmr/m/n on input line 68.
LaTeX Font Info:    Try loading font information for TS1+cmr on input line 68.

(/usr/share/texmf-texlive/tex/latex/base/ts1cmr.fd
File: ts1cmr.fd 1999/05/25 v2.5h Standard LaTeX font definitions
)
LaTeX Font Info:    ... okay on input line 68.

-------------------- Geometry parameters
paper: letterpaper
landscape: --
twocolumn: --
twoside: --
asymmetric: --
h-parts: 71.13188pt, 472.03123pt, 71.13188pt
v-parts: 71.13188pt, 652.70622pt, 71.13188pt
hmarginratio: --
vmarginratio: --
lines: --
heightrounded: --
bindingoffset: 0.0pt
truedimen: --
includehead: --
includefoot: --
includemp: --
driver: 
-------------------- Page layout dimensions and switches
\paperwidth  614.295pt
\paperheight 794.96999pt
\textwidth  472.03123pt
\textheight 652.70622pt
\oddsidemargin  0.0pt
\evensidemargin 0.0pt
\topmargin  -38.1381pt
\headheight 12.0pt
\headsep    25.0pt
\footskip   30.0pt
\marginparwidth 35.0pt
\marginparsep   10.0pt
\columnsep  10.0pt
\skip\footins  10.8pt plus 4.0pt minus 2.0pt
\hoffset 0.0pt
\voffset 0.0pt
\mag 1000

(1in=72.27pt, 1cm=28.45pt)
-----------------------
[1] [2]
LaTeX Font Info:    Try loading font information for T1+cmtt on input line 74.
 (/usr/share/texmf-texlive/tex/latex/base/t1cmtt.fd
File: t1cmtt.fd 1999/05/25 v2.5h Standard LaTeX font definitions
) [3] [4] [5]
[6]
--- file Microcosm-m2.4om ---
 [7]
--- file Microcosm-m3.4om ---
 [8

]
--- file Microcosm-m4.4om ---
 [9

]
--- file Microcosm-m5.4om ---
 [10

]
--- file Microcosm-m6.4om ---
 [11

]
--- file Microcosm-m7.4om ---
 [12

]
--- file Microcosm-m8.4om ---
 [13

]
--- file Microcosm-m9.4om ---
 [14

]
--- file Microcosm-m10.4om ---
 [15

]
--- file Microcosm-m11.4om ---
 [16

]
--- file Microcosm-m12.4om ---
 [17

]

Package natbib Warning: Citation `tab:IsolateTable' on page 18 undefined on inp
ut line 155.

--- file Microcosm-m13.4om ---
[18

]
--- file Microcosm-m14.4om ---
 [19

]
--- file Microcosm-m15.4om ---
 [20

]
--- file Microcosm-m16.4om ---
 [21

]
--- file Microcosm-m17.4om ---
 [22

]
--- file Microcosm-m18.4om ---
 [23

]
--- file Microcosm-m19.4om ---
 [24

]
--- file Microcosm-m20.4om ---
 [25

]
--- file Microcosm-m21.4om ---
 [26

]
--- file Microcosm-m22.4om ---
 [27

]
--- file Microcosm-m23.4om ---
 [28

]
--- file Microcosm-m24.4om ---
 [29

]
--- file Microcosm-m25.4om ---
 [30

]
--- file Microcosm-m26.4om ---
 [31

]
--- file Microcosm-m27.4om ---
 [32

]
--- file Microcosm-m28.4om ---

[33

]
--- file Microcosm-m29.4om ---
 [34

]
--- file Microcosm-m30.4om ---
 [35

]
--- file Microcosm-m31.4om ---
 [36

]
--- file Microcosm-m32.4om ---
 [37

]
--- file Microcosm-m33.4om ---
 [38

]
--- file Microcosm-m34.4om ---
 [39

]
--- file Microcosm-m35.4om ---
 [40

]
--- file Microcosm-m36.4om ---
 [41

]
--- file Microcosm-m37.4om ---
 [42

]
--- file Microcosm-m38.4om ---
 [43

]
--- file Microcosm-m39.4om ---
 [44

]
--- file Microcosm-m40.4om ---
 [45

]
--- file Microcosm-m41.4om ---
 [46

]
--- file Microcosm-m42.4om ---
 [47

]
--- file Microcosm-m43.4om ---

[48

]
--- file Microcosm-m44.4om ---
 [49

]
--- file Microcosm-m45.4om ---
 [50

]
--- file Microcosm-m46.4om ---
 [51

]
--- file Microcosm-m47.4om ---
 [52

]
--- file Microcosm-m48.4om ---
 [53

]
--- file Microcosm-m49.4om ---
 [54

]
--- file Microcosm-m50.4om ---
 [55

]
--- file Microcosm-m51.4om ---
 [56

]
--- file Microcosm-m52.4om ---
 [57

]
--- file Microcosm-m53.4om ---
 [58

]
--- file Microcosm-m54.4om ---
 [59

]
--- file Microcosm-m55.4om ---
 [60

]
--- file Microcosm-m56.4om ---
 [61

]
--- file Microcosm-m57.4om ---
 [62

]
--- file Microcosm-m58.4om ---

[63

]
--- file Microcosm-m59.4om ---
 [64

]
--- file Microcosm-m60.4om ---
 [65

]
--- file Microcosm-m61.4om ---
 [66

]
--- file Microcosm-m62.4om ---
 [67

]
--- file Microcosm-m63.4om ---
 [68

]
--- file Microcosm-m64.4om ---
 [69

]
--- file Microcosm-m65.4om ---
 [70

]
--- file Microcosm-m66.4om ---
 [71

]
--- file Microcosm-m67.4om ---
 [72

]
--- file Microcosm-m68.4om ---
 [73

]
--- file Microcosm-m69.4om ---
 [74

] [75]
--- file Microcosm-m70.4om ---
 [76

]
--- file Microcosm-m71.4om ---
 [77

]
--- file Microcosm-m72.4om ---

[78

]
--- file Microcosm-m73.4om ---
 [79

]
--- file Microcosm-m74.4om ---
 [80

] (./Microcosm.bbl [81

] [82] [83] [84] [85]) [86] [87

]
--- file Microcosm-m75.4om ---
--- file Microcosm-m76.4om ---
--- file Microcosm-m77.4om ---
--- file Microcosm-m78.4om ---
--- file Microcosm-m79.4om ---
--- file Microcosm-m80.4om ---
--- file Microcosm-m81.4om ---
--- file Microcosm-m82.4om ---
--- file Microcosm-m83.4om ---
--- file Microcosm-m84.4om ---
 [88

]
[89]
--- file Microcosm-m85.4om ---
 [90

]
--- file Microcosm-m86.4om ---
 [91

]
--- file Microcosm-m87.4om ---
 [92

]
--- file Microcosm-m88.4om ---
 [93

]
--- file Microcosm-m89.4om ---
 [94

] [95

] [96

] [97

]
l.396 --- TeX4ht warning --- Cannot determine size of graphic in obsbgppo.png (
no BoundingBox) ---
l. 396 --- needs --- obsbgppo.png ---
--- file Microcosm-m90.4om ---
[98

]
--- file Microcosm-m91.4om ---
 [99

]
--- file Microcosm-m92.4om ---
 [100

]
--- file Microcosm-m93.4om ---
 [101

]
--- file Microcosm-m94.4om ---
 [102

] [103

] [104

] [105

]
l.402 --- TeX4ht warning --- Cannot determine size of graphic in obsbgppovspdiv
.png (no BoundingBox) ---
l. 402 --- needs --- obsbgppovspdiv.png ---
--- file Microcosm-m95.4om ---
[106

]
--- file Microcosm-m96.4om ---
 [107

]
--- file Microcosm-m97.4om ---
 [108

]
--- file Microcosm-m98.4om ---
 [109

] [110

]

Package natbib Warning: There were undefined citations.

[111

] (./Microcosm.aux) ) 
Here is how much of TeX's memory you used:
 8219 strings out of 95087
 102494 string characters out of 1183279
 319220 words of memory out of 1500000
 11111 multiletter control sequences out of 10000+50000
 20737 words of font info for 63 fonts, out of 1200000 for 2000
 28 hyphenation exceptions out of 8191
 34i,11n,35p,2963b,735s stack positions out of 5000i,500n,6000p,200000b,5000s

Output written on Microcosm.dvi (163 pages, 310596 bytes).
